[14:07:59] [main/INFO]: Loading for game Minecraft 1.15.2
[14:08:00] [main/INFO]: [FabricLoader] Loading 40 mods: minecraft@1.15.2, fabric-renderer-api-v1@0.2.10+f08b61330c, fabric-networking-blockentity-v0@0.2.3+e08a730595, fabric-keybindings-v0@0.1.1+dfdb52d695, notenoughcrashes@1.2.2+1.15.1, modmenu@1.10.0+build.28, fabricloader@0.7.8+build.189, trinkets@2.4.1, fabric-renderer-indigo@0.2.23+9290e2ed0c, fabric-containers-v0@0.1.3+b7f9825d95, fabric-dimensions-v1@0.3.0+2ad156310c, fabric-biomes-v1@0.1.5+3b05f68e95, fabric-events-interaction-v0@0.3.0+fac69e320c, fabric-crash-report-info-v1@0.1.2+b7f9825d95, loadcatcher@0.1.0, fabric-api-base@0.1.2+b7f9825d95, fabric-rendering-v0@1.1.0+534104900c, fabric-rendering-v1@0.1.0+534104900c, fabric-rendering-data-attachment-v1@0.1.3+b7f9825d95, fabric-resource-loader-v0@0.1.10+06c939b395, fabric-textures-v0@1.0.4+821cdba795, fabric-content-registries-v0@0.1.3+b7f9825d95, fabric-tag-extensions-v0@0.1.3+abd9158095, fabric-rendering-fluids-v1@0.1.6+12515ed995, cardinal-components-entity@2.0.3, fabric-registry-sync-v0@0.2.6+f3d8141b95, fabric-commands-v0@0.1.2+b7f9825d95, cardinal-components-base@2.0.3, fabric-blockrenderlayer-v1@1.1.4+c6a8ea8995, fabric-mining-levels-v0@0.1.1+b7f9825d95, fabric-renderer-registries-v1@2.0.1+5a0f9a6095, fabric-events-lifecycle-v0@0.1.2+b7f9825d95, fabric-loot-tables-v1@0.1.5+e08a730595, simpleaccessories@1.0-SNAPSHOT, fabric@0.5.1+build.294-1.15, fabric-item-groups-v0@0.1.6+ec40b2e195, fabric-particles-v1@0.1.1+dfdb52d695, fabric-models-v0@0.1.0+dfdb52d695, fabric-networking-v0@0.1.7+12515ed995, fabric-object-builders-v0@0.1.3+e4c9a9c395
[14:08:00] [main/INFO]: SpongePowered MIXIN Subsystem Version=0.8 Source=file:/C:/Users/Rog%c3%a9rio%20Munhoz/.gradle/caches/modules-2/files-2.1/net.fabricmc/sponge-mixin/0.8+build.18/af077ad2845a00cde186fa2c99c4dd32bd2a2766/sponge-mixin-0.8+build.18.jar Service=Knot/Fabric Env=CLIENT
[14:08:00] [main/INFO]: Loaded Fabric development mappings for mixin remapper!
[14:08:00] [main/INFO]: Remapping refMap fabric-networking-v0-refmap.json using remapper chain
[14:08:00] [main/INFO]: Remapping refMap fabric-networking-blockentity-v0-refmap.json using remapper chain
[14:08:00] [main/INFO]: Remapping refMap fabric-biomes-v1-refmap.json using remapper chain
[14:08:00] [main/INFO]: Remapping refMap fabric-mining-levels-v0-refmap.json using remapper chain
[14:08:00] [main/INFO]: Remapping refMap build-refmap.json using remapper chain
[14:08:00] [main/INFO]: Remapping refMap fabric-containers-v0-refmap.json using remapper chain
[14:08:00] [main/INFO]: Remapping refMap fabric-renderer-indigo-refmap.json using remapper chain
[14:08:00] [main/INFO]: Remapping refMap fabric-rendering-data-attachment-v1-refmap.json using remapper chain
[14:08:00] [main/INFO]: Remapping refMap fabric-events-interaction-v0-refmap.json using remapper chain
[14:08:00] [main/INFO]: Remapping refMap fabric-loot-tables-v1-refmap.json using remapper chain
[14:08:00] [main/INFO]: Remapping refMap fabric-dimensions-v1-refmap.json using remapper chain
[14:08:00] [main/INFO]: Remapping refMap fabric-renderer-registries-v1-refmap.json using remapper chain
[14:08:00] [main/INFO]: Remapping refMap fabric-textures-v0-refmap.json using remapper chain
[14:08:00] [main/INFO]: Remapping refMap fabric-registry-sync-v0-refmap.json using remapper chain
[14:08:00] [main/INFO]: Remapping refMap fabric-models-v0-refmap.json using remapper chain
[14:08:00] [main/INFO]: Remapping refMap fabric-keybindings-v0-refmap.json using remapper chain
[14:08:00] [main/INFO]: Remapping refMap fabric-blockrenderlayer-v1-refmap.json using remapper chain
[14:08:00] [main/INFO]: Remapping refMap fabric-renderer-api-v1-refmap.json using remapper chain
[14:08:00] [main/INFO]: Remapping refMap fabric-containers-v0-refmap.json using remapper chain
[14:08:00] [main/INFO]: Remapping refMap notenoughcrashes-refmap.json using remapper chain
[14:08:00] [main/INFO]: Remapping refMap fabric-events-lifecycle-v0-refmap.json using remapper chain
[14:08:00] [main/INFO]: Remapping refMap fabric-rendering-fluids-v1-refmap.json using remapper chain
[14:08:00] [main/INFO]: Remapping refMap fabric-resource-loader-v0-refmap.json using remapper chain
[14:08:00] [main/INFO]: Remapping refMap fabric-particles-v1-refmap.json using remapper chain
[14:08:00] [main/INFO]: Remapping refMap fabric-object-builders-v0-refmap.json using remapper chain
[14:08:00] [main/INFO]: Remapping refMap fabric-tag-extensions-v0-refmap.json using remapper chain
[14:08:00] [main/INFO]: Remapping refMap fabric-rendering-v1-refmap.json using remapper chain
[14:08:00] [main/INFO]: Remapping refMap fabric-item-groups-v0-refmap.json using remapper chain
[14:08:00] [main/INFO]: Remapping refMap fabric-content-registries-v0-refmap.json using remapper chain
[14:08:00] [main/INFO]: Remapping refMap fabric-crash-report-info-v1-refmap.json using remapper chain
[14:08:00] [main/INFO]: Remapping refMap build-refmap.json using remapper chain
[14:08:00] [main/INFO]: Remapping refMap cardinal-components-entity-refmap.json using remapper chain
[14:08:00] [main/INFO]: Remapping refMap fabric-commands-v0-refmap.json using remapper chain
[14:08:00] [main/INFO]: Remapping refMap fabric-renderer-api-v1-refmap.json using remapper chain
[14:08:00] [main/INFO]: Remapping refMap modmenu.refmap.json using remapper chain
[14:08:02] [main/INFO]: Setting user: Player637
[14:08:07] [main/INFO]: [Entrypoint Catcher] Running Mod Entrypoints Normally
[14:08:07] [main/INFO]: [Entrypoint Catcher] Found 5 common entrypoints and 9 client entrypoints
[14:08:07] [main/INFO]: [Entrypoint Catcher] Running Entrypoints
[14:08:07] [main/INFO]: [Indigo] Registering Indigo renderer!
[14:08:07] [main/INFO]: [Entrypoint Catcher] Mod Initialization complete
[14:08:07] [main/INFO]: [Entrypoint Catcher] Mod Initialization complete
[14:08:07] [main/INFO]: Backend library: LWJGL version 3.2.2 build 10
[14:08:10] [main/INFO]: Narrator library for x64 successfully loaded
[14:08:10] [main/INFO]: Reloading ResourceManager: Default, Fabric Renderer API (v1), Fabric Networking Block Entity (v0), Fabric Key Bindings (v0), Not Enough Crashes, Mod Menu, Trinkets, Fabric Renderer - Indigo, Fabric Containers (v0), Fabric Biomes (v1), Fabric Events Interaction (v0), Fabric Crash Report Info (v1), Fabric API Base, Fabric Rendering (v0), Fabric Rendering (v1), Fabric Rendering Data Attachment (v1), Fabric Resource Loader (v0), Fabric Textures (v0), Fabric Content Registries (v0), Fabric Tag Extensions (v0), Fabric Rendering Fluids (v1), Fabric Registry Sync (v0), Fabric Commands (v0), Fabric BlockRenderLayer Registration (v1), Fabric Mining Levels (v0), Fabric Renderer Registries (v1), Fabric Events Lifecycle (v0), Fabric Loot Tables (v1), Simple Accessories, Fabric API, Fabric Item Groups (v0), Fabric Models (v0), Fabric Networking (v0), Fabric Object Builders (v0)
[14:08:12] [Realms Notification Availability checker #1/INFO]: Could not authorize you against Realms server: Invalid session id
[14:08:25] [main/INFO]: OpenAL initialized.
[14:08:25] [main/INFO]: Sound engine started
[14:08:25] [main/INFO]: Created: 1024x1024x4 minecraft:textures/atlas/blocks.png-atlas
[14:08:25] [main/INFO]: Created: 256x128x4 minecraft:textures/atlas/signs.png-atlas
[14:08:25] [main/INFO]: Created: 1024x512x4 minecraft:textures/atlas/banner_patterns.png-atlas
[14:08:25] [main/INFO]: Created: 1024x512x4 minecraft:textures/atlas/shield_patterns.png-atlas
[14:08:25] [main/INFO]: Created: 256x256x4 minecraft:textures/atlas/chest.png-atlas
[14:08:25] [main/INFO]: Created: 512x256x4 minecraft:textures/atlas/beds.png-atlas
[14:08:25] [main/INFO]: Created: 512x256x4 minecraft:textures/atlas/shulker_boxes.png-atlas
[14:08:26] [main/INFO]: Created: 256x256x0 minecraft:textures/atlas/particles.png-atlas
[14:08:26] [main/INFO]: Created: 256x256x0 minecraft:textures/atlas/paintings.png-atlas
[14:08:26] [main/INFO]: Created: 256x128x0 minecraft:textures/atlas/mob_effects.png-atlas
[14:08:30] [main/INFO]: [fabric-registry-sync] Loaded registry data [file 1/4]
[14:08:30] [main/WARN]: Ambiguity between arguments [teleport, destination] and [teleport, targets] with inputs: [Player, 0123, @e, dd12be42-52a9-4a91-a8a1-11c01849e498]
[14:08:30] [main/WARN]: Ambiguity between arguments [teleport, location] and [teleport, destination] with inputs: [0.1 -0.5 .9, 0 0 0]
[14:08:30] [main/WARN]: Ambiguity between arguments [teleport, location] and [teleport, targets] with inputs: [0.1 -0.5 .9, 0 0 0]
[14:08:30] [main/WARN]: Ambiguity between arguments [teleport, targets] and [teleport, destination] with inputs: [Player, 0123, dd12be42-52a9-4a91-a8a1-11c01849e498]
[14:08:30] [main/WARN]: Ambiguity between arguments [teleport, targets, location] and [teleport, targets, destination] with inputs: [0.1 -0.5 .9, 0 0 0]
[14:08:30] [Server thread/INFO]: Starting integrated minecraft server version 1.15.2
[14:08:30] [Server thread/INFO]: Generating keypair
[14:08:30] [Server thread/INFO]: [fabric-registry-sync] Loaded registry data [file 1/4]
[14:08:30] [Server thread/INFO]: Reloading ResourceManager: Default, Fabric Mining Levels (v0), Simple Accessories
[14:08:31] [Server thread/INFO]: Loaded 6 recipes
[14:08:32] [Server thread/INFO]: Loaded 825 advancements
[14:08:32] [Server thread/INFO]: Preparing start region for dimension minecraft:overworld
[14:08:32] [main/INFO]: Preparing spawn area: 0%
[14:08:32] [main/INFO]: Preparing spawn area: 0%
[14:08:33] [main/INFO]: Time elapsed: 936 ms
[14:08:33] [Server thread/INFO]: Changing view distance to 11, from 10
[14:08:34] [Server thread/INFO]: Player637[local:E:4913e548] logged in with entity id 148 at (-262.0428171126764, 4.0, -130.37202497312293)
[14:08:34] [Server thread/INFO]: Player637 joined the game
[14:08:35] [Server thread/INFO]: Saving and pausing game...
[14:08:35] [Server thread/INFO]: Saving chunks for level 'Creative'/minecraft:the_end
[14:08:35] [Server thread/INFO]: Saving chunks for level 'Creative'/minecraft:the_nether
[14:08:35] [Server thread/INFO]: Saving chunks for level 'Creative'/minecraft:overworld
[14:08:35] [main/INFO]: Loaded 23 advancements
